Der Buildvorgang wurde am 04.03.2011 18:06:15 gestartet.
     1>Projekt "C:\Program Files (x86)\Steam\SteamApps\common\alien swarm\ModdedSource\game\client\swarm_sdk_client.vcxproj" auf Knoten "2", build Ziel(e).
     1>InitializeBuildStatus:
         ".\Release_swarm\Client.unsuccessfulbuild" wird erstellt, da "AlwaysCreate" angegeben wurde.
       PreBuildEvent:
         if EXIST "..\..\..\game\swarm\bin\.\Client.dll" for /f "delims=" %%A in ('attrib "..\..\..\game\swarm\bin\.\Client.dll"') do set valveTmpIsReadOnly="%%A"
         set valveTmpIsReadOnlyLetter=%valveTmpIsReadOnly:~6,1%
         if "%valveTmpIsReadOnlyLetter%"=="R" del /q "C:\Program Files (x86)\Steam\SteamApps\common\alien swarm\ModdedSource\game\client\Release_swarm\"Client.dll
         if exist ..\..\devtools\bin\vpccrccheck.exe ..\..\devtools\bin\vpccrccheck.exe -crc2 test_swarm.vcproj
         if ERRORLEVEL 1 exit 1
         
         :VCEnd
       ClCompile:
         Alle Ausgaben sind aktuell.
         C:\Program Files (x86)\Microsoft Visual Studio 10.0\VC\bin\CL.exe /c /I.\hl2 /I.\swarm /I.\swarm\vgui /I..\statemachine /I..\..\game\shared\multiplayer /I..\..\game\shared\swarm /I.\ /I..\..\common /I..\..\public /I..\..\public\tier0 /I..\..\public\tier1 /I..\..\game\shared /I.\game_controls /I.\Release_swarm\ /I..\..\game\client\swarm\gameui /Zi /nologo /W4 /WX- /O2 /Ob2 /Oi /Ot /Oy- /D WIN32 /D _WIN32 /D NDEBUG /D _WINDOWS /D _USRDLL /D _CRT_SECURE_NO_DEPRECATE /D _CRT_NONSTDC_NO_DEPRECATE /D DLLNAME=client /D VPCGAME=swarm /D VPCGAMECAPS=SWARM /D _DLL_EXT=.dll /D COMPILER_MSVC32 /D VPCGAME=swarm /D VPCGAMECAPS=SWARM /D _DLL_EXT=.dll /D COMPILER_MSVC /D MEMOVERRIDE_MODULE=client /D _DLL_EXT=.dll /D VPCGAME=swarm /D VPCGAMECAPS=SWARM /D _DLL_EXT=.dll /D DLLNAME=client /D VPCGAME=swarm /D VPCGAMECAPS=SWARM /D _DLL_EXT=.dll /D NO_STRING_T /D CLIENT_DLL /D VECTOR /D VERSION_SAFE_STEAM_API_INTERFACES /D PROTECTED_THINGS_ENABLE /D strncpy=use_Q_strncpy_instead /D _snprintf=use_Q_snprintf_instead /D VPCGAME=swarm /D VPCGAMECAPS=SWARM /D _DLL_EXT=.dll /D ENABLE_HTMLWINDOW /D fopen=dont_use_fopen /D VPCGAME=swarm /D VPCGAMECAPS=SWARM /D _DLL_EXT=.dll /D INFESTED_DLL /D SWARM_DLL /D INFESTED_PARTICLES /D GAMEUI_EMBEDDED /D GAMEUI_EXPORTS /D VERSION_SAFE_STEAM_API_INTERFACES /D VPCGAME=swarm /D VPCGAMECAPS=SWARM /D _DLL_EXT=.dll /D _WINDLL /D _MBCS /GF /Gm- /MT /GS- /Gy /arch:SSE2 /fp:fast /Zc:wchar_t /Zc:forScope /GR /Yu"cbase.h" /Fp".\Release_swarm\client.pch" /Fo".\Release_swarm\\" /Fd".\Release_swarm\vc100.pdb" /Gd /TP /analyze- /errorReport:prompt ..\shared\swarm\asw_player_experience.cpp ..\shared\swarm\asw_weapon_flamer_shared.cpp /MP 
         asw_player_experience.cpp
         asw_weapon_flamer_shared.cpp
         Alle Ausgaben sind aktuell.
       Link:
         C:\Program Files (x86)\Microsoft Visual Studio 10.0\VC\bin\link.exe /ERRORREPORT:PROMPT /OUT:".\Release_swarm\client.dll" /INCREMENTAL:NO /NOLOGO /LIBPATH:..\..\lib\common\. /LIBPATH:..\..\lib\public\. winmm.lib kernel32.lib user32.lib gdi32.lib winspool.lib comdlg32.lib advapi32.lib shell32.lib ole32.lib oleaut32.lib uuid.lib odbc32.lib odbccp32.lib /NODEFAULTLIB:libc /NODEFAULTLIB:libcd /NODEFAULTLIB:libcmtd /MANIFEST:NO /DEBUG /PDB:".\Release_swarm\Client.pdb" /MAP:".\Release_swarm\Client.map" /SUBSYSTEM:WINDOWS /OPT:REF /OPT:ICF /TLBID:1 /DYNAMICBASE /NXCOMPAT /MACHINE:X86 /DLL .\Release_swarm\achievement_notification_panel.obj
         .\Release_swarm\achievement_saverestore.obj
         .\Release_swarm\achievementmgr.obj
         .\Release_swarm\activitylist.obj
         .\Release_swarm\ai_criteria.obj
         .\Release_swarm\ai_responsesystem.obj
         .\Release_swarm\ai_speechconcept.obj
         .\Release_swarm\ammodef.obj
         .\Release_swarm\animatedentitytextureproxy.obj
         .\Release_swarm\animatedoffsettextureproxy.obj
         .\Release_swarm\animatedtextureproxy.obj
         .\Release_swarm\AnimateSpecificTextureProxy.obj
         .\Release_swarm\animation.obj
         .\Release_swarm\base_playeranimstate.obj
         .\Release_swarm\baseachievement.obj
         .\Release_swarm\baseanimatedtextureproxy.obj
         .\Release_swarm\baseclientrendertargets.obj
         .\Release_swarm\basecombatcharacter_shared.obj
         .\Release_swarm\basecombatweapon_shared.obj
         .\Release_swarm\baseentity_shared.obj
         .\Release_swarm\basegrenade_shared.obj
         .\Release_swarm\baseparticleentity.obj
         .\Release_swarm\baseplayer_shared.obj
         .\Release_swarm\baseviewmodel_shared.obj
         .\Release_swarm\beam_shared.obj
         .\Release_swarm\beamdraw.obj
         .\Release_swarm\blackbox_helper.obj
         .\Release_swarm\bone_accessor.obj
         .\Release_swarm\bone_merge_cache.obj
         .\Release_swarm\c_ai_basehumanoid.obj
         .\Release_swarm\c_ai_basenpc.obj
         .\Release_swarm\c_baseanimating.obj
         .\Release_swarm\c_baseanimatingoverlay.obj
         .\Release_swarm\c_basecombatcharacter.obj
         .\Release_swarm\c_basecombatweapon.obj
         .\Release_swarm\c_basedoor.obj
         .\Release_swarm\c_baseentity.obj
         .\Release_swarm\c_baseflex.obj
         .\Release_swarm\c_baselesson.obj
         .\Release_swarm\c_baseplayer.obj
         .\Release_swarm\c_basetoggle.obj
         .\Release_swarm\c_baseviewmodel.obj
         .\Release_swarm\c_beamspotlight.obj
         .\Release_swarm\c_breakableprop.obj
         .\Release_swarm\c_colorcorrection.obj
         .\Release_swarm\c_colorcorrectionvolume.obj
         .\Release_swarm\c_dynamiclight.obj
         .\Release_swarm\c_entitydissolve.obj
         .\Release_swarm\c_entityflame.obj
         .\Release_swarm\c_entityfreezing.obj
         .\Release_swarm\c_entityparticletrail.obj
         .\Release_swarm\c_env_ambient_light.obj
         .\Release_swarm\c_env_dof_controller.obj
         .\Release_swarm\c_env_fog_controller.obj
         .\Release_swarm\c_env_global_light.obj
         .\Release_swarm\c_env_particlescript.obj
         .\Release_swarm\c_env_projectedtexture.obj
         .\Release_swarm\c_env_screenoverlay.obj
         .\Release_swarm\c_env_tonemap_controller.obj
         .\Release_swarm\c_fire_smoke.obj
         .\Release_swarm\c_fish.obj
         .\Release_swarm\c_func_areaportalwindow.obj
         .\Release_swarm\c_func_breakablesurf.obj
         .\Release_swarm\c_func_brush.obj
         .\Release_swarm\c_func_conveyor.obj
         .\Release_swarm\c_func_dust.obj
         .\Release_swarm\c_func_lod.obj
         .\Release_swarm\C_Func_Monitor.obj
         .\Release_swarm\c_func_movelinear.obj
         .\Release_swarm\c_func_occluder.obj
         .\Release_swarm\c_func_reflective_glass.obj
         .\Release_swarm\c_func_rotating.obj
         .\Release_swarm\c_func_smokevolume.obj
         .\Release_swarm\c_func_tracktrain.obj
         .\Release_swarm\c_gameinstructor.obj
         .\Release_swarm\c_gib.obj
         .\Release_swarm\c_hairball.obj
         .\Release_swarm\c_info_overlay_accessor.obj
         .\Release_swarm\c_lightglow.obj
         .\Release_swarm\C_MaterialModifyControl.obj
         .\Release_swarm\c_movie_display.obj
         .\Release_swarm\c_particle_system.obj
         .\Release_swarm\c_physbox.obj
         .\Release_swarm\c_physics_prop_statue.obj
         .\Release_swarm\c_physicsprop.obj
         .\Release_swarm\c_physmagnet.obj
         .\Release_swarm\c_pixel_visibility.obj
         .\Release_swarm\c_plasma.obj
         .\Release_swarm\c_playerresource.obj
         .\Release_swarm\c_point_camera.obj
         .\Release_swarm\c_point_commentary_node.obj
         .\Release_swarm\c_postprocesscontroller.obj
         .\Release_swarm\c_prop_hallucination.obj
         .\Release_swarm\c_props.obj
         .\Release_swarm\c_ragdoll_manager.obj
         .\Release_swarm\c_rope.obj
         .\Release_swarm\c_rumble.obj
         .\Release_swarm\c_sceneentity.obj
         .\Release_swarm\c_shadowcontrol.obj
         .\Release_swarm\c_slideshow_display.obj
         .\Release_swarm\c_soundscape.obj
         .\Release_swarm\c_spatialentity.obj
         .\Release_swarm\c_spotlight_end.obj
         .\Release_swarm\c_sprite.obj
         .\Release_swarm\c_sprite_perfmonitor.obj
         .\Release_swarm\c_sun.obj
         .\Release_swarm\c_sunlightshadowcontrol.obj
         .\Release_swarm\c_surfacerender.obj
         .\Release_swarm\c_team.obj
         .\Release_swarm\c_tesla.obj
         .\Release_swarm\c_test_proxytoggle.obj
         .\Release_swarm\c_triggers.obj
         .\Release_swarm\c_user_message_register.obj
         .\Release_swarm\c_vehicle_choreo_generic.obj
         .\Release_swarm\c_vehicle_jeep.obj
         .\Release_swarm\c_vguiscreen.obj
         .\Release_swarm\c_waterbullet.obj
         .\Release_swarm\C_WaterLODControl.obj
         .\Release_swarm\c_world.obj
         .\Release_swarm\camomaterialproxy.obj
         .\Release_swarm\cdll_bounded_cvars.obj
         .\Release_swarm\cdll_client_int.obj
         .\Release_swarm\cdll_util.obj
         .\Release_swarm\cl_mat_stub.obj
         .\Release_swarm\classmap.obj
         .\Release_swarm\client_class.obj
         .\Release_swarm\client_factorylist.obj
         .\Release_swarm\client_thinklist.obj
         .\Release_swarm\clientalphaproperty.obj
         .\Release_swarm\cliententitylist.obj
         .\Release_swarm\clientleafsystem.obj
         .\Release_swarm\clientmode_shared.obj
         .\Release_swarm\clientshadowmgr.obj
         .\Release_swarm\clientsideeffects.obj
         .\Release_swarm\clientsideeffects_test.obj
         .\Release_swarm\closedcaptions.obj
         .\Release_swarm\collisionproperty.obj
         .\Release_swarm\collisionutils.obj
         .\Release_swarm\colorcorrectionmgr.obj
         .\Release_swarm\commentary_modelviewer.obj
         .\Release_swarm\compiledcaptionswap.obj
         .\Release_swarm\convarproxy.obj
         .\Release_swarm\crtmemdebug.obj
         .\Release_swarm\cycleproxy.obj
         .\Release_swarm\death_pose.obj
         .\Release_swarm\debug_dll_check.obj
         .\Release_swarm\debugoverlay_shared.obj
         .\Release_swarm\decals.obj
         .\Release_swarm\detailobjectsystem.obj
         .\Release_swarm\dt_recv.obj
         .\Release_swarm\dt_utlvector_common.obj
         .\Release_swarm\dt_utlvector_recv.obj
         .\Release_swarm\dummyproxy.obj
         .\Release_swarm\effect_dispatch_data.obj
         .\Release_swarm\EffectsClient.obj
         .\Release_swarm\ehandle.obj
         .\Release_swarm\entitylist_base.obj
         .\Release_swarm\entityoriginmaterialproxy.obj
         .\Release_swarm\EntityParticleTrail_Shared.obj
         .\Release_swarm\env_detail_controller.obj
         .\Release_swarm\env_wind_shared.obj
         .\Release_swarm\eventlist.obj
         .\Release_swarm\filesystem_helpers.obj
         .\Release_swarm\flashlighteffect.obj
         .\Release_swarm\foundryhelpers_client.obj
         .\Release_swarm\func_ladder.obj
         .\Release_swarm\functionproxy.obj
         .\Release_swarm\fx_blood.obj
         .\Release_swarm\fx_cube.obj
         .\Release_swarm\fx_explosion.obj
         .\Release_swarm\fx_fleck.obj
         .\Release_swarm\fx_impact.obj
         .\Release_swarm\fx_interpvalue.obj
         .\Release_swarm\fx_quad.obj
         .\Release_swarm\fx_shelleject.obj
         .\Release_swarm\fx_staticline.obj
         .\Release_swarm\fx_tracer.obj
         .\Release_swarm\fx_trail.obj
         .\Release_swarm\fx_water.obj
         .\Release_swarm\game_timescale_shared.obj
         .\Release_swarm\gamemovement.obj
         .\Release_swarm\gamerules.obj
         .\Release_swarm\gamerules_register.obj
         .\Release_swarm\GameStats.obj
         .\Release_swarm\gamestringpool.obj
         .\Release_swarm\gametrace_client.obj
         .\Release_swarm\gamevars_shared.obj
         .\Release_swarm\glow_outline_effect.obj
         .\Release_swarm\glow_overlay.obj
         .\Release_swarm\hintmessage.obj
         .\Release_swarm\hintsystem.obj
         .\Release_swarm\history_resource.obj
         .\Release_swarm\hltvcamera.obj
         .\Release_swarm\hud.obj
         .\Release_swarm\hud_basechat.obj
         .\Release_swarm\hud_basetimer.obj
         .\Release_swarm\hud_bitmapnumericdisplay.obj
         .\Release_swarm\hud_closecaption.obj
         .\Release_swarm\hud_element_helper.obj
         .\Release_swarm\hud_lcd.obj
         .\Release_swarm\hud_locator_target.obj
         .\Release_swarm\hud_msg.obj
         .\Release_swarm\hud_numericdisplay.obj
         .\Release_swarm\hud_pdump.obj
         .\Release_swarm\hud_redraw.obj
         .\Release_swarm\igamesystem.obj
         .\Release_swarm\in_camera.obj
         .\Release_swarm\in_joystick.obj
         .\Release_swarm\in_main.obj
         .\Release_swarm\in_mouse.obj
         .\Release_swarm\in_trackir.obj
         .\Release_swarm\initializer.obj
         .\Release_swarm\interpolatedvar.obj
         .\Release_swarm\interpolatortypes.obj
         .\Release_swarm\IsNPCProxy.obj
         .\Release_swarm\jigglebones.obj
         .\Release_swarm\lampbeamproxy.obj
         .\Release_swarm\lamphaloproxy.obj
         .\Release_swarm\mapentities_shared.obj
         .\Release_swarm\materialproxydict.obj
         .\Release_swarm\mathproxy.obj
         .\Release_swarm\matrixproxy.obj
         .\Release_swarm\memoverride.obj
         .\Release_swarm\menu.obj
         .\Release_swarm\message.obj
         .\Release_swarm\modelrendersystem.obj
         .\Release_swarm\movehelper_client.obj
         .\Release_swarm\movevars_shared.obj
         .\Release_swarm\mp_shareddefs.obj
         .\Release_swarm\multiplay_gamerules.obj
         .\Release_swarm\networkvar.obj
         .\Release_swarm\object_motion_blur_effect.obj
         .\Release_swarm\obstacle_pushaway.obj
         .\Release_swarm\panelmetaclassmgr.obj
         .\Release_swarm\particle_collision.obj
         .\Release_swarm\particle_litsmokeemitter.obj
         .\Release_swarm\particle_parse.obj
         .\Release_swarm\particle_property.obj
         .\Release_swarm\particle_proxies.obj
         .\Release_swarm\particle_simple3d.obj
         .\Release_swarm\particlemgr.obj
         .\Release_swarm\particles_attractor.obj
         .\Release_swarm\particles_ez.obj
         .\Release_swarm\particles_localspace.obj
         .\Release_swarm\particles_new.obj
         .\Release_swarm\particles_simple.obj
         .\Release_swarm\particlesystemquery.obj
         .\Release_swarm\perfvisualbenchmark.obj
         .\Release_swarm\phonemeconverter.obj
         .\Release_swarm\physics.obj
         .\Release_swarm\physics_main_client.obj
         .\Release_swarm\physics_main_shared.obj
         .\Release_swarm\physics_saverestore.obj
         .\Release_swarm\physics_shared.obj
         .\Release_swarm\physpropclientside.obj
         .\Release_swarm\playerandobjectenumerator.obj
         .\Release_swarm\point_bonusmaps_accessor.obj
         .\Release_swarm\point_posecontroller.obj
         .\Release_swarm\posedebugger.obj
         .\Release_swarm\precache_register.obj
         .\Release_swarm\predictableid.obj
         .\Release_swarm\prediction.obj
         .\Release_swarm\predictioncopy.obj
         .\Release_swarm\predictioncopy_helpers.obj
         .\Release_swarm\predictioncopy_test.obj
         .\Release_swarm\props_shared.obj
         .\Release_swarm\proxyentity.obj
         .\Release_swarm\ProxyHealth.obj
         .\Release_swarm\proxyplayer.obj
         .\Release_swarm\proxypupil.obj
         .\Release_swarm\ragdoll.obj
         .\Release_swarm\ragdoll_shared.obj
         .\Release_swarm\randoverride.obj
         .\Release_swarm\recvproxy.obj
         .\Release_swarm\rendertexture.obj
         .\Release_swarm\replaycamera.obj
         .\Release_swarm\rope_helpers.obj
         .\Release_swarm\rope_physics.obj
         .\Release_swarm\saverestore.obj
         .\Release_swarm\sceneentity_shared.obj
         .\Release_swarm\scratchpad3d.obj
         .\Release_swarm\ScratchPadUtils.obj
         .\Release_swarm\ScreenSpaceEffects.obj
         .\Release_swarm\sentence.obj
         .\Release_swarm\sequence_Transitioner.obj
         .\Release_swarm\sheetsimulator.obj
         .\Release_swarm\simple_keys.obj
         .\Release_swarm\simple_physics.obj
         .\Release_swarm\simtimer.obj
         .\Release_swarm\singleplay_gamerules.obj
         .\Release_swarm\SoundEmitterSystem.obj
         .\Release_swarm\soundenvelope.obj
         .\Release_swarm\SoundParametersInternal.obj
         .\Release_swarm\spatialentitymgr.obj
         .\Release_swarm\splinepatch.obj
         .\Release_swarm\Sprite.obj
         .\Release_swarm\spritemodel.obj
         .\Release_swarm\SpriteTrail.obj
         .\Release_swarm\steamworks_gamestats.obj
         .\Release_swarm\stringregistry.obj
         .\Release_swarm\studio.obj
         .\Release_swarm\studio_shared.obj
         .\Release_swarm\takedamageinfo.obj
         .\Release_swarm\teamplay_gamerules.obj
         .\Release_swarm\teamplayroundbased_gamerules.obj
         .\Release_swarm\test_ehandle.obj
         .\Release_swarm\text_message.obj
         .\Release_swarm\texturescrollmaterialproxy.obj
         .\Release_swarm\timematerialproxy.obj
         .\Release_swarm\toggletextureproxy.obj
         .\Release_swarm\usercmd.obj
         .\Release_swarm\usermessages.obj
         .\Release_swarm\util_shared.obj
         .\Release_swarm\vallocator.obj
         .\Release_swarm\vehicle_viewblend_shared.obj
         .\Release_swarm\vgui_avatarimage.obj
         .\Release_swarm\vgui_basepanel.obj
         .\Release_swarm\vgui_bindpanel.obj
         .\Release_swarm\vgui_bitmapbutton.obj
         .\Release_swarm\vgui_bitmapimage.obj
         .\Release_swarm\vgui_bitmappanel.obj
         .\Release_swarm\vgui_centerstringpanel.obj
         .\Release_swarm\vgui_consolepanel.obj
         .\Release_swarm\vgui_controls.obj
         .\Release_swarm\vgui_debugoverlaypanel.obj
         .\Release_swarm\vgui_fpspanel.obj
         .\Release_swarm\vgui_game_viewport.obj
         .\Release_swarm\vgui_grid.obj
         .\Release_swarm\vgui_hudvideo.obj
         .\Release_swarm\vgui_int.obj
         .\Release_swarm\vgui_loadingdiscpanel.obj
         .\Release_swarm\vgui_messagechars.obj
         .\Release_swarm\vgui_movie_display.obj
         .\Release_swarm\vgui_netgraphpanel.obj
         .\Release_swarm\vgui_slideshow_display_screen.obj
         .\Release_swarm\vgui_video.obj
         .\Release_swarm\view.obj
         .\Release_swarm\view_beams.obj
         .\Release_swarm\view_effects.obj
         .\Release_swarm\view_scene.obj
         .\Release_swarm\viewangleanim.obj
         .\Release_swarm\ViewConeImage.obj
         .\Release_swarm\viewdebug.obj
         .\Release_swarm\viewpostprocess.obj
         .\Release_swarm\viewrender.obj
         .\Release_swarm\voice_banmgr.obj
         .\Release_swarm\voice_menu.obj
         .\Release_swarm\voice_status.obj
         .\Release_swarm\vscript_client.obj
         .\Release_swarm\vscript_shared.obj
         .\Release_swarm\warp_overlay.obj
         .\Release_swarm\WaterLODMaterialProxy.obj
         .\Release_swarm\weapon_parse.obj
         .\Release_swarm\weapon_selection.obj
         .\Release_swarm\weapons_resource.obj
         .\Release_swarm\WorldDimsProxy.obj
         .\Release_swarm\stdafx.obj
         .\Release_swarm\c_basetempentity.obj
         .\Release_swarm\c_effects.obj
         .\Release_swarm\c_impact_effects.obj
         .\Release_swarm\c_movie_explosion.obj
         .\Release_swarm\c_particle_fire.obj
         .\Release_swarm\c_particle_smokegrenade.obj
         .\Release_swarm\c_prop_vehicle.obj
         .\Release_swarm\c_recipientfilter.obj
         .\Release_swarm\c_smoke_trail.obj
         .\Release_swarm\c_smokestack.obj
         .\Release_swarm\c_steamjet.obj
         .\Release_swarm\c_stickybolt.obj
         .\Release_swarm\c_te.obj
         .\Release_swarm\c_te_armorricochet.obj
         .\Release_swarm\c_te_basebeam.obj
         .\Release_swarm\c_te_beamentpoint.obj
         .\Release_swarm\c_te_beaments.obj
         .\Release_swarm\c_te_beamfollow.obj
         .\Release_swarm\c_te_beamlaser.obj
         .\Release_swarm\c_te_beampoints.obj
         .\Release_swarm\c_te_beamring.obj
         .\Release_swarm\c_te_beamringpoint.obj
         .\Release_swarm\c_te_beamspline.obj
         .\Release_swarm\c_te_bloodsprite.obj
         .\Release_swarm\c_te_bloodstream.obj
         .\Release_swarm\c_te_breakmodel.obj
         .\Release_swarm\c_te_bspdecal.obj
         .\Release_swarm\c_te_bubbles.obj
         .\Release_swarm\c_te_bubbletrail.obj
         .\Release_swarm\c_te_clientprojectile.obj
         .\Release_swarm\c_te_decal.obj
         .\Release_swarm\c_te_dynamiclight.obj
         .\Release_swarm\c_te_effect_dispatch.obj
         .\Release_swarm\c_te_energysplash.obj
         .\Release_swarm\c_te_explosion.obj
         .\Release_swarm\c_te_fizz.obj
         .\Release_swarm\c_te_footprint.obj
         .\Release_swarm\c_te_glassshatter.obj
         .\Release_swarm\c_te_glowsprite.obj
         .\Release_swarm\c_te_impact.obj
         .\Release_swarm\c_te_killplayerattachments.obj
         .\Release_swarm\c_te_largefunnel.obj
         .\Release_swarm\c_te_legacytempents.obj
         .\Release_swarm\c_te_muzzleflash.obj
         .\Release_swarm\c_te_particlesystem.obj
         .\Release_swarm\c_te_physicsprop.obj
         .\Release_swarm\c_te_playerdecal.obj
         .\Release_swarm\c_te_projecteddecal.obj
         .\Release_swarm\c_te_showline.obj
         .\Release_swarm\c_te_smoke.obj
         .\Release_swarm\c_te_sparks.obj
         .\Release_swarm\c_te_sprite.obj
         .\Release_swarm\c_te_spritespray.obj
         .\Release_swarm\c_te_worlddecal.obj
         .\Release_swarm\c_testtraceline.obj
         .\Release_swarm\c_tracer.obj
         .\Release_swarm\fx.obj
         .\Release_swarm\fx_discreetline.obj
         .\Release_swarm\fx_envelope.obj
         .\Release_swarm\fx_line.obj
         .\Release_swarm\fx_sparks.obj
         .\Release_swarm\particlesphererenderer.obj
         .\Release_swarm\smoke_fog_overlay.obj
         .\Release_swarm\basemodel_panel.obj
         .\Release_swarm\baseviewport.obj
         .\Release_swarm\ClientScoreBoardDialog.obj
         .\Release_swarm\commandmenu.obj
         .\Release_swarm\IconPanel.obj
         .\Release_swarm\intromenu.obj
         .\Release_swarm\MapOverview.obj
         .\Release_swarm\NavProgress.obj
         .\Release_swarm\SpectatorGUI.obj
         .\Release_swarm\teammenu.obj
         .\Release_swarm\vguitextwindow.obj
         .\Release_swarm\c_antlion_dust.obj
         .\Release_swarm\c_ar2_explosion.obj
         .\Release_swarm\c_basehelicopter.obj
         .\Release_swarm\c_npc_combinegunship.obj
         .\Release_swarm\c_rotorwash.obj
         .\Release_swarm\asw_bone_merge.obj
         .\Release_swarm\asw_briefing.obj
         .\Release_swarm\asw_client_entities.obj
         .\Release_swarm\asw_fx_impacts.obj
         .\Release_swarm\asw_in_camera.obj
         .\Release_swarm\asw_in_main.obj
         .\Release_swarm\asw_in_mouse.obj
         .\Release_swarm\asw_input.obj
         .\Release_swarm\asw_marineandobjectenumerator.obj
         .\Release_swarm\asw_medal_store.obj
         .\Release_swarm\asw_prediction.obj
         .\Release_swarm\asw_room_thumbnails.obj
         .\Release_swarm\asw_video.obj
         .\Release_swarm\asw_view_scene.obj
         .\Release_swarm\c_asw_alien.obj
         .\Release_swarm\c_asw_ammo.obj
         .\Release_swarm\c_asw_ammo_drop.obj
         .\Release_swarm\c_asw_aoegrenade_projectile.obj
         .\Release_swarm\c_asw_boomer.obj
         .\Release_swarm\c_asw_buffgrenade_projectile.obj
         .\Release_swarm\c_asw_button_area.obj
         .\Release_swarm\c_asw_buzzer.obj
         .\Release_swarm\c_asw_camera_volume.obj
         .\Release_swarm\c_asw_campaign_save.obj
         .\Release_swarm\c_asw_client_corpse.obj
         .\Release_swarm\c_asw_clientragdoll.obj
         .\Release_swarm\c_asw_computer_area.obj
         .\Release_swarm\c_asw_concommands.obj
         .\Release_swarm\c_asw_debrief_stats.obj
         .\Release_swarm\c_asw_door.obj
         .\Release_swarm\c_asw_door_area.obj
         .\Release_swarm\c_asw_drone_advanced.obj
         .\Release_swarm\c_asw_dummy_vehicle.obj
         .\Release_swarm\c_asw_dynamic_light.obj
         .\Release_swarm\c_asw_egg.obj
         .\Release_swarm\c_asw_entity_dissolve.obj
         .\Release_swarm\c_asw_extinguisher_projectile.obj
         .\Release_swarm\c_asw_fire.obj
         .\Release_swarm\c_asw_firewall_piece.obj
         .\Release_swarm\c_asw_flamer_projectile.obj
         .\Release_swarm\c_asw_flare_projectile.obj
         .\Release_swarm\c_asw_fourwheelvehiclephysics.obj
         .\Release_swarm\c_asw_fx.obj
         .\Release_swarm\c_asw_fx_proxy.obj
         .\Release_swarm\c_asw_game_resource.obj
         .\Release_swarm\c_asw_generic_emitter.obj
         .\Release_swarm\c_asw_generic_emitter_entity.obj
         .\Release_swarm\c_asw_grub.obj
         .\Release_swarm\c_asw_gun_smoke_emitter.obj
         .\Release_swarm\c_asw_hack.obj
         .\Release_swarm\c_asw_hack_computer.obj
         .\Release_swarm\c_asw_hack_wire_tile.obj
         .\Release_swarm\c_asw_jeep.obj
         .\Release_swarm\c_asw_jeep_clientside.obj
         .\Release_swarm\c_asw_jukebox.obj
         .\Release_swarm\c_asw_laser_mine.obj
         .\Release_swarm\c_asw_lesson.obj
         .\Release_swarm\c_asw_level_exploder.obj
         .\Release_swarm\c_asw_marine.obj
         .\Release_swarm\c_asw_marine_resource.obj
         .\Release_swarm\c_asw_marine_speech.obj
         .\Release_swarm\c_asw_marker.obj
         .\Release_swarm\c_asw_mesh_emitter_entity.obj
         .\Release_swarm\c_asw_mine.obj
         .\Release_swarm\c_asw_objective.obj
         .\Release_swarm\c_asw_objective_countdown.obj
         .\Release_swarm\c_asw_objective_kill_aliens.obj
         .\Release_swarm\c_asw_objective_kill_eggs.obj
         .\Release_swarm\c_asw_objective_kill_goo.obj
         .\Release_swarm\c_asw_objective_kill_queen.obj
         .\Release_swarm\c_asw_order_arrow.obj
         .\Release_swarm\c_asw_parasite.obj
         .\Release_swarm\c_asw_physics_prop_statue.obj
         .\Release_swarm\c_asw_pickup.obj
         .\Release_swarm\c_asw_pickup_equipment.obj
         .\Release_swarm\c_asw_pickup_money.obj
         .\Release_swarm\c_asw_pickup_weapon.obj
         .\Release_swarm\c_asw_player.obj
         .\Release_swarm\c_asw_playerlocaldata.obj
         .\Release_swarm\c_asw_point_camera.obj
         .\Release_swarm\c_asw_prop_physics.obj
         .\Release_swarm\c_asw_queen.obj
         .\Release_swarm\c_asw_queen_spit.obj
         .\Release_swarm\c_asw_railgun_beam.obj
         .\Release_swarm\c_asw_ranger.obj
         .\Release_swarm\c_asw_render_targets.obj
         .\Release_swarm\c_asw_rocket.obj
         .\Release_swarm\c_asw_scanner_info.obj
         .\Release_swarm\c_asw_scanner_noise.obj
         .\Release_swarm\c_asw_sentry_base.obj
         .\Release_swarm\c_asw_sentry_top.obj
         .\Release_swarm\c_asw_sentry_top_flamer.obj
         .\Release_swarm\c_asw_sentry_top_icer.obj
         .\Release_swarm\c_asw_shaman.obj
         .\Release_swarm\c_asw_shieldbug.obj
         .\Release_swarm\c_asw_simple_alien.obj
         .\Release_swarm\c_asw_simple_drone.obj
         .\Release_swarm\c_asw_snow_emitter.obj
         .\Release_swarm\c_asw_snow_volume.obj
         .\Release_swarm\c_asw_steamstats.obj
         .\Release_swarm\c_asw_t75.obj
         .\Release_swarm\c_asw_tesla_trap.obj
         .\Release_swarm\c_asw_trail_beam.obj
         .\Release_swarm\c_asw_use_area.obj
         .\Release_swarm\c_asw_voting_mission_chooser_source.obj
         .\Release_swarm\c_asw_voting_missions.obj
         .\Release_swarm\c_asw_vphysics_npc.obj
         .\Release_swarm\c_asw_weapon.obj
         .\Release_swarm\c_asw_weapon_rifle.obj
         .\Release_swarm\clientmode_asw.obj
         .\Release_swarm\vgui_rootpanel_asw.obj
         .\Release_swarm\backgroundmenubutton.obj
         .\Release_swarm\basesavegamedialog.obj
         .\Release_swarm\bitmapimagepanel.obj
         .\Release_swarm\commandcheckbutton.obj
         .\Release_swarm\contentcontroldialog.obj
         .\Release_swarm\createmultiplayergamebotpage.obj
         .\Release_swarm\createmultiplayergamedialog.obj
         .\Release_swarm\createmultiplayergamegameplaypage.obj
         .\Release_swarm\createmultiplayergameserverpage.obj
         .\Release_swarm\customtabexplanationdialog.obj
         .\Release_swarm\cvarnegatecheckbutton.obj
         .\Release_swarm\cvarslider.obj
         .\Release_swarm\cvartextentry.obj
         .\Release_swarm\cvartogglecheckbutton.obj
         .\Release_swarm\gameconsole.obj
         .\Release_swarm\gameconsoledialog.obj
         .\Release_swarm\gameui_interface.obj
         .\Release_swarm\gameui_util.obj
         .\Release_swarm\keytogglecheckbutton.obj
         .\Release_swarm\labeledcommandcombobox.obj
         .\Release_swarm\loadingdialog.obj
         .\Release_swarm\loadingtippanel.obj
         .\Release_swarm\logofile.obj
         .\Release_swarm\modinfo.obj
         .\Release_swarm\mousemessageforwardingpanel.obj
         .\Release_swarm\multiplayeradvanceddialog.obj
         .\Release_swarm\optionsdialog.obj
         .\Release_swarm\optionssubaudio.obj
         .\Release_swarm\optionssubdifficulty.obj
         .\Release_swarm\optionssubgame.obj
         .\Release_swarm\optionssubkeyboard.obj
         .\Release_swarm\optionssubmouse.obj
         .\Release_swarm\optionssubmultiplayer.obj
         .\Release_swarm\optionssubportal.obj
         .\Release_swarm\optionssubvideo.obj
         .\Release_swarm\optionssubvoice.obj
         .\Release_swarm\panellistpanel.obj
         .\Release_swarm\playerlistdialog.obj
         .\Release_swarm\rungameengine.obj
         .\Release_swarm\scriptobject.obj
         .\Release_swarm\sys_utils.obj
         .\Release_swarm\textentrybox.obj
         .\Release_swarm\urlbutton.obj
         .\Release_swarm\vcontrolslistpanel.obj
         .\Release_swarm\vguisystemmoduleloader.obj
         .\Release_swarm\language.obj
         .\Release_swarm\basemodframe.obj
         .\Release_swarm\basemodpanel.obj
         .\Release_swarm\gamemodes.obj
         .\Release_swarm\uigamedata.obj
         .\Release_swarm\uigamedata_invite.obj
         .\Release_swarm\uigamedata_storage.obj
         .\Release_swarm\vachievements.obj
         .\Release_swarm\vattractscreen.obj
         .\Release_swarm\vaudio.obj
         .\Release_swarm\vaudiovideo.obj
         .\Release_swarm\vcontrolleroptions.obj
         .\Release_swarm\vcontrolleroptionsbuttons.obj
         .\Release_swarm\vcontrolleroptionssticks.obj
         .\Release_swarm\vdropdownmenu.obj
         .\Release_swarm\vflyoutmenu.obj
         .\Release_swarm\vfooterpanel.obj
         .\Release_swarm\vfoundgames.obj
         .\Release_swarm\vfoundgroupgames.obj
         .\Release_swarm\vfoundpublicgames.obj
         .\Release_swarm\vgamelobby.obj
         .\Release_swarm\vgamelobbychat.obj
         .\Release_swarm\vgameoptions.obj
         .\Release_swarm\vgamesettings.obj
         .\Release_swarm\vgenericconfirmation.obj
         .\Release_swarm\vgenericpanellist.obj
         .\Release_swarm\vgenericwaitscreen.obj
         .\Release_swarm\vhybridbutton.obj
         .\Release_swarm\vingamechapterselect.obj
         .\Release_swarm\vingamedifficultyselect.obj
         .\Release_swarm\vingamekickplayerlist.obj
         .\Release_swarm\vingamemainmenu.obj
         .\Release_swarm\vleaderboard.obj
         .\Release_swarm\vloadingprogress.obj
         .\Release_swarm\vmainmenu.obj
         .\Release_swarm\vmenubackground.obj
         .\Release_swarm\vmultiplayer.obj
         .\Release_swarm\voptions.obj
         .\Release_swarm\vpasswordentry.obj
         .\Release_swarm\vquickjoin.obj
         .\Release_swarm\vquickjoingroups.obj
         .\Release_swarm\vsignindialog.obj
         .\Release_swarm\vslidercontrol.obj
         .\Release_swarm\vspinnercontrol.obj
         .\Release_swarm\vtransitionscreen.obj
         .\Release_swarm\vvideo.obj
         .\Release_swarm\vvoteoptions.obj
         .\Release_swarm\uiavatarimage.obj
         .\Release_swarm\vaddonassociation.obj
         .\Release_swarm\vaddons.obj
         .\Release_swarm\vcloud.obj
         .\Release_swarm\vcustomcampaigns.obj
         .\Release_swarm\vdownloadcampaign.obj
         .\Release_swarm\vdownloads.obj
         .\Release_swarm\vgetlegacydata.obj
         .\Release_swarm\vjukebox.obj
         .\Release_swarm\vkeyboard.obj
         .\Release_swarm\vkeyboardmouse.obj
         .\Release_swarm\vsteamcloudconfirmation.obj
         .\Release_swarm\asw_build_map_frame.obj
         .\Release_swarm\asw_circularprogressbar.obj
         .\Release_swarm\asw_difficulty_chooser.obj
         .\Release_swarm\asw_hud_3dmarinenames.obj
         .\Release_swarm\asw_hud_ammo.obj
         .\Release_swarm\asw_hud_chat.obj
         .\Release_swarm\asw_hud_crosshair.obj
         .\Release_swarm\asw_hud_damageindicator.obj
         .\Release_swarm\asw_hud_emotes.obj
         .\Release_swarm\asw_hud_floating_number.obj
         .\Release_swarm\asw_hud_health.obj
         .\Release_swarm\asw_hud_health_cross.obj
         .\Release_swarm\asw_hud_holdout.obj
         .\Release_swarm\asw_hud_marine_portrait.obj
         .\Release_swarm\asw_hud_master.obj
         .\Release_swarm\asw_hud_minimap.obj
         .\Release_swarm\asw_hud_money.obj
         .\Release_swarm\asw_hud_objective.obj
         .\Release_swarm\asw_hud_overlay_messages.obj
         .\Release_swarm\asw_hud_portraits.obj
         .\Release_swarm\asw_hud_powerups.obj
         .\Release_swarm\asw_hud_squad_hotbar.obj
         .\Release_swarm\asw_hud_use_area.obj
         .\Release_swarm\asw_hud_use_icon.obj
         .\Release_swarm\asw_hud_voice.obj
         .\Release_swarm\asw_hud_weapons.obj
         .\Release_swarm\asw_hudelement.obj
         .\Release_swarm\asw_loading_panel.obj
         .\Release_swarm\asw_logo_panel.obj
         .\Release_swarm\asw_mission_chooser_entry.obj
         .\Release_swarm\asw_mission_chooser_frame.obj
         .\Release_swarm\asw_mission_chooser_list.obj
         .\Release_swarm\asw_model_panel.obj
         .\Release_swarm\asw_scalable_text.obj
         .\Release_swarm\asw_vgui_ammo_list.obj
         .\Release_swarm\asw_vgui_computer_camera.obj
         .\Release_swarm\asw_vgui_computer_download_docs.obj
         .\Release_swarm\asw_vgui_computer_frame.obj
         .\Release_swarm\asw_vgui_computer_mail.obj
         .\Release_swarm\asw_vgui_computer_menu.obj
         .\Release_swarm\asw_vgui_computer_news.obj
         .\Release_swarm\asw_vgui_computer_plant.obj
         .\Release_swarm\asw_vgui_computer_splash.obj
         .\Release_swarm\asw_vgui_computer_stocks.obj
         .\Release_swarm\asw_vgui_computer_tumbler_hack.obj
         .\Release_swarm\asw_vgui_computer_weather.obj
         .\Release_swarm\asw_vgui_countdown.obj
         .\Release_swarm\asw_vgui_door_tooltip.obj
         .\Release_swarm\asw_vgui_edit_emitter.obj
         .\Release_swarm\asw_vgui_edit_emitter_dialogs.obj
         .\Release_swarm\asw_vgui_fast_reload.obj
         .\Release_swarm\asw_vgui_frame.obj
         .\Release_swarm\asw_vgui_hack_wire_tile.obj
         .\Release_swarm\asw_vgui_info_message.obj
         .\Release_swarm\asw_vgui_ingame_panel.obj
         .\Release_swarm\asw_vgui_manipulator.obj
         .\Release_swarm\asw_vgui_marine_ammo_report.obj
         .\Release_swarm\asw_vgui_music_importer.obj
         .\Release_swarm\asw_vgui_queen_health.obj
         .\Release_swarm\asw_vgui_skip_intro.obj
         .\Release_swarm\asw_vgui_stylin_cam.obj
         .\Release_swarm\briefingdialog.obj
         .\Release_swarm\briefingframe.obj
         .\Release_swarm\briefingimagepanel.obj
         .\Release_swarm\briefingpropertysheet.obj
         .\Release_swarm\briefingtooltip.obj
         .\Release_swarm\cainmailpanel.obj
         .\Release_swarm\campaignframe.obj
         .\Release_swarm\campaignmaplocation.obj
         .\Release_swarm\campaignmapsearchlights.obj
         .\Release_swarm\campaignpanel.obj
         .\Release_swarm\chatechopanel.obj
         .\Release_swarm\controller_focus.obj
         .\Release_swarm\creditspanel.obj
         .\Release_swarm\debrieftextpage.obj
         .\Release_swarm\experience_bar.obj
         .\Release_swarm\experience_report.obj
         .\Release_swarm\experience_stat_line.obj
         .\Release_swarm\fadeinpanel.obj
         .\Release_swarm\fonttestpanel.obj
         .\Release_swarm\forcereadypanel.obj
         .\Release_swarm\holdout_end_score_panel.obj
         .\Release_swarm\holdout_hud_wave_panel.obj
         .\Release_swarm\holdout_resupply_frame.obj
         .\Release_swarm\holdout_wave_announce_panel.obj
         .\Release_swarm\holdout_wave_end_panel.obj
         .\Release_swarm\imagebutton.obj
         .\Release_swarm\mapedgesbox.obj
         .\Release_swarm\medalarea.obj
         .\Release_swarm\medalcollectionpanel.obj
         .\Release_swarm\medalpanel.obj
         .\Release_swarm\medalstooltip.obj
         .\Release_swarm\mission_complete_message.obj
         .\Release_swarm\missioncompleteframe.obj
         .\Release_swarm\missioncompletepanel.obj
         .\Release_swarm\missioncompletestatsline.obj
         .\Release_swarm\missionstatspanel.obj
         .\Release_swarm\nb_promotion_panel.obj
         .\Release_swarm\nb_vote_panel.obj
         .\Release_swarm\objectivedetailspanel.obj
         .\Release_swarm\objectiveicons.obj
         .\Release_swarm\objectivelistbox.obj
         .\Release_swarm\objectivemap.obj
         .\Release_swarm\objectivemapmarkpanel.obj
         .\Release_swarm\objectivepanel.obj
         .\Release_swarm\objectivetitlepanel.obj
         .\Release_swarm\outroframe.obj
         .\Release_swarm\playerlistcontainer.obj
         .\Release_swarm\playerlistline.obj
         .\Release_swarm\playerlistpanel.obj
         .\Release_swarm\playerswaitingpanel.obj
         .\Release_swarm\polygonbutton.obj
         .\Release_swarm\radialmenu.obj
         .\Release_swarm\restartmissionbutton.obj
         .\Release_swarm\returncampaignmapbutton.obj
         .\Release_swarm\scanlinepanel.obj
         .\Release_swarm\serveroptionspanel.obj
         .\Release_swarm\skillanimpanel.obj
         .\Release_swarm\softline.obj
         .\Release_swarm\squad_inventory_panel.obj
         .\Release_swarm\stat_graph.obj
         .\Release_swarm\stat_graph_player.obj
         .\Release_swarm\stats_report.obj
         .\Release_swarm\statsbar.obj
         .\Release_swarm\stimmusicselectdialog.obj
         .\Release_swarm\techmarinefailpanel.obj
         .\Release_swarm\weapon_unlock_panel.obj
         .\Release_swarm\wrappedlabel.obj
         .\Release_swarm\nb_button.obj
         .\Release_swarm\nb_campaign_map.obj
         .\Release_swarm\nb_campaign_mission_details.obj
         .\Release_swarm\nb_commander_list.obj
         .\Release_swarm\nb_commander_list_entry.obj
         .\Release_swarm\nb_header_footer.obj
         .\Release_swarm\nb_horiz_list.obj
         .\Release_swarm\nb_island.obj
         .\Release_swarm\nb_lobby_row.obj
         .\Release_swarm\nb_lobby_row_small.obj
         .\Release_swarm\nb_lobby_tooltip.obj
         .\Release_swarm\nb_main_panel.obj
         .\Release_swarm\nb_mission_options.obj
         .\Release_swarm\nb_mission_panel.obj
         .\Release_swarm\nb_mission_summary.obj
         .\Release_swarm\nb_select_campaign_entry.obj
         .\Release_swarm\nb_select_campaign_panel.obj
         .\Release_swarm\nb_select_marine_entry.obj
         .\Release_swarm\nb_select_marine_panel.obj
         .\Release_swarm\nb_select_mission_entry.obj
         .\Release_swarm\nb_select_mission_panel.obj
         .\Release_swarm\nb_select_save_entry.obj
         .\Release_swarm\nb_select_save_panel.obj
         .\Release_swarm\nb_select_weapon_entry.obj
         .\Release_swarm\nb_select_weapon_panel.obj
         .\Release_swarm\nb_skill_panel.obj
         .\Release_swarm\nb_spend_skill_points.obj
         .\Release_swarm\nb_suggest_difficulty.obj
         .\Release_swarm\nb_weapon_detail.obj
         .\Release_swarm\nb_weapon_unlocked.obj
         .\Release_swarm\asw_achievements.obj
         .\Release_swarm\asw_alien_goo_shared.obj
         .\Release_swarm\asw_alien_shared.obj
         .\Release_swarm\asw_ammo_drop_shared.obj
         .\Release_swarm\asw_bouncing_pellet_shared.obj
         .\Release_swarm\asw_campaign_commands.obj
         .\Release_swarm\asw_campaign_info.obj
         .\Release_swarm\asw_campaign_save_shared.obj
         .\Release_swarm\asw_env_spark.obj
         .\Release_swarm\asw_equip_req.obj
         .\Release_swarm\asw_equipment_list.obj
         .\Release_swarm\asw_fx_shared.obj
         .\Release_swarm\asw_game_resource_shared.obj
         .\Release_swarm\asw_gamemovement.obj
         .\Release_swarm\asw_gamerules.obj
         .\Release_swarm\asw_gamestats_shared.obj
         .\Release_swarm\asw_hack_computer_shared.obj
         .\Release_swarm\asw_hack_wire_tile_shared.obj
         .\Release_swarm\asw_health_bar_shared.obj
         .\Release_swarm\asw_holdout_mode.obj
         .\Release_swarm\asw_holdout_wave.obj
         .\Release_swarm\asw_holo_sentry_shared.obj
         .\Release_swarm\asw_info_message_shared.obj
         .\Release_swarm\asw_laser_mine_shared.obj
         .\Release_swarm\asw_marine_command.obj
         .\Release_swarm\asw_marine_gamemovement.obj
         .\Release_swarm\asw_marine_profile.obj
         .\Release_swarm\asw_marine_shared.obj
         .\Release_swarm\asw_marine_skills.obj
         .\Release_swarm\asw_melee_system.obj
         .\Release_swarm\asw_missile_round_shared.obj
         .\Release_swarm\asw_mortarbug_shell_shared.obj
         .\Release_swarm\asw_pickup_shared.obj
         .\Release_swarm\asw_player_experience.obj
         .\Release_swarm\asw_player_shared.obj
         .\Release_swarm\asw_playeranimstate.obj
         .\Release_swarm\asw_powerup_shared.obj
         .\Release_swarm\asw_prop_laserable_shared.obj
         .\Release_swarm\asw_queen_divers_shared.obj
         .\Release_swarm\asw_queen_grabber_shared.obj
         .\Release_swarm\asw_remote_turret_shared.obj
         .\Release_swarm\asw_scanner_objects_enumerator.obj
         .\Release_swarm\asw_shareddefs.obj
         .\Release_swarm\asw_shieldbug_shared.obj
         .\Release_swarm\asw_shotgun_pellet_predicted_shared.obj
         .\Release_swarm\asw_target_dummy_shared.obj
         .\Release_swarm\asw_trace_filter_melee.obj
         .\Release_swarm\asw_trace_filter_shot.obj
         .\Release_swarm\asw_usableobjectsenumerator.obj
         .\Release_swarm\asw_usermessages.obj
         .\Release_swarm\asw_util_shared.obj
         .\Release_swarm\asw_weapon_ammo_bag_shared.obj
         .\Release_swarm\asw_weapon_ammo_satchel_shared.obj
         .\Release_swarm\asw_weapon_assault_shotgun_shared.obj
         .\Release_swarm\asw_weapon_autogun_shared.obj
         .\Release_swarm\asw_weapon_bait.obj
         .\Release_swarm\asw_weapon_blink.obj
         .\Release_swarm\asw_weapon_buff_grenade.obj
         .\Release_swarm\asw_weapon_chainsaw_shared.obj
         .\Release_swarm\asw_weapon_electrified_armor.obj
         .\Release_swarm\asw_weapon_fire_extinguisher_shared.obj
         .\Release_swarm\asw_weapon_fist.obj
         .\Release_swarm\asw_weapon_flamer_shared.obj
         .\Release_swarm\asw_weapon_flares_shared.obj
         .\Release_swarm\asw_weapon_flashlight_shared.obj
         .\Release_swarm\asw_weapon_flechette_shared.obj
         .\Release_swarm\asw_weapon_freeze_grenades.obj
         .\Release_swarm\asw_weapon_grenade_launcher.obj
         .\Release_swarm\asw_weapon_grenades.obj
         .\Release_swarm\asw_weapon_heal_gun_shared.obj
         .\Release_swarm\asw_weapon_healgrenade_shared.obj
         .\Release_swarm\asw_weapon_hornet_barrage.obj
         .\Release_swarm\asw_weapon_jump_jet.obj
         .\Release_swarm\asw_weapon_laser_mines.obj
         .\Release_swarm\asw_weapon_medical_satchel_shared.obj
         .\Release_swarm\asw_weapon_medkit_shared.obj
         .\Release_swarm\asw_weapon_mines_shared.obj
         .\Release_swarm\asw_weapon_minigun.obj
         .\Release_swarm\asw_weapon_mining_laser_shared.obj
         .\Release_swarm\asw_weapon_night_vision.obj
         .\Release_swarm\asw_weapon_normal_armor.obj
         .\Release_swarm\asw_weapon_parse.obj
         .\Release_swarm\asw_weapon_pdw_shared.obj
         .\Release_swarm\asw_weapon_pistol_shared.obj
         .\Release_swarm\asw_weapon_prifle_shared.obj
         .\Release_swarm\asw_weapon_railgun_shared.obj
         .\Release_swarm\asw_weapon_ricochet_shared.obj
         .\Release_swarm\asw_weapon_sentry_shared.obj
         .\Release_swarm\asw_weapon_shared.obj
         .\Release_swarm\asw_weapon_shotgun_shared.obj
         .\Release_swarm\asw_weapon_smart_bomb.obj
         .\Release_swarm\asw_weapon_sniper_rifle.obj
         .\Release_swarm\asw_weapon_stim_shared.obj
         .\Release_swarm\asw_weapon_t75.obj
         .\Release_swarm\asw_weapon_tesla_gun_shared.obj
         .\Release_swarm\asw_weapon_tesla_trap.obj
         .\Release_swarm\asw_weapon_welder_shared.obj
         .\Release_swarm\mp3player.obj
         .\Release_swarm\bonelist.obj
         .\Release_swarm\entity_client_tools.obj
         .\Release_swarm\toolframework_client.obj
         ..\..\lib\public\bitmap.lib
         ..\..\lib\public\bonesetup.lib
         ..\..\lib\public\choreoobjects.lib
         ..\..\lib\public\dmxloader.lib
         ..\..\lib\public\interfaces.lib
         ..\..\lib\common\jpeglib.lib
         ..\..\lib\public\mathlib.lib
         ..\..\lib\public\matsys_controls.lib
         ..\..\lib\public\npsclient.lib
         ..\..\lib\public\particles.lib
         ..\..\lib\public\raytrace.lib
         ..\..\lib\public\responserules_runtime.lib
         ..\..\lib\public\steam_api.lib
         ..\..\lib\public\tier0.lib
         ..\..\lib\public\tier1.lib
         ..\..\lib\public\tier2.lib
         ..\..\lib\public\tier3.lib
         ..\..\lib\public\vgui_controls.lib
         ..\..\lib\public\videocfg.lib
         ..\..\lib\public\vpklib.lib
         ..\..\lib\public\vstdlib.lib
         ..\..\lib\public\vtf.lib
            Bibliothek ".\Release_swarm\client.lib" und Objekt ".\Release_swarm\client.exp" werden erstellt.
         swarm_sdk_client.vcxproj -> C:\Program Files (x86)\Steam\SteamApps\common\alien swarm\ModdedSource\game\client\.\Release_swarm\Client.dll
       PostBuildEvent:
         Description: Publishing to ..\..\..\game\swarm\bin\.
         if exist "..\..\..\game\swarm\bin\." goto ValveStart
         mkdir "..\..\..\game\swarm\bin\."
         :ValveStart
         copy "C:\Program Files (x86)\Steam\SteamApps\common\alien swarm\ModdedSource\game\client\Release_swarm\"Client.dll "..\..\..\game\swarm\bin\.\Client.dll"
         if ERRORLEVEL 1 goto BuildEventFailed
         if exist "C:\Program Files (x86)\Steam\SteamApps\common\alien swarm\ModdedSource\game\client\Release_swarm\"Client.map copy "C:\Program Files (x86)\Steam\SteamApps\common\alien swarm\ModdedSource\game\client\Release_swarm\"Client.map "..\..\..\game\swarm\bin\.\Client.map"
         copy "C:\Program Files (x86)\Steam\SteamApps\common\alien swarm\ModdedSource\game\client\Release_swarm\"Client.pdb "..\..\..\game\swarm\bin\.\Client.pdb"
         if ERRORLEVEL 1 goto BuildEventFailed
         goto BuildEventOK
         :BuildEventFailed
         echo *** ERROR! PostBuildStep FAILED for Client! EXE or DLL is probably running. ***
         del /q "C:\Program Files (x86)\Steam\SteamApps\common\alien swarm\ModdedSource\game\client\Release_swarm\"Client.dll
         exit 1
         :BuildEventOK
         
         :VCEnd
                 1 Datei(en) kopiert.
                 1 Datei(en) kopiert.
                 1 Datei(en) kopiert.
       FinalizeBuildStatus:
         Die Datei ".\Release_swarm\Client.unsuccessfulbuild" wird gelöscht.
         Aktualisieren des Timestamps von ".\Release_swarm\Client.lastbuildstate".
     1>Die Erstellung des Projekts "C:\Program Files (x86)\Steam\SteamApps\common\alien swarm\ModdedSource\game\client\swarm_sdk_client.vcxproj" ist abgeschlossen, build Ziel(e).

Das Erstellen war erfolgreich.

Verstrichene Zeit 00:01:34.25
